#
# A fatal error has been detected by the Java Runtime Environment:
#
#  EXCEPTION_ACCESS_VIOLATION (0xc0000005) at pc=0x00007ff960a29679, pid=32292, tid=8672
#
# JRE version: OpenJDK Runtime Environment Temurin-17.0.8.1+1 (17.0.8.1+1) (build 17.0.8.1+1)
# Java VM: OpenJDK 64-Bit Server VM Temurin-17.0.8.1+1 (17.0.8.1+1, mixed mode, sharing, tiered, compressed oops, compressed class ptrs, g1 gc, windows-amd64)
# Problematic frame:
# C  [steamworks4j64.dll+0x9679]
#
# No core dump will be written. Minidumps are not enabled by default on client versions of Windows
#
# If you would like to submit a bug report, please visit:
#   https://github.com/adoptium/adoptium-support/issues
# The crash happened outside the Java Virtual Machine in native code.
# See problematic frame for where to report the bug.
#

---------------  S U M M A R Y ------------

Command Line: -XX:+UnlockExperimentalVMOptions -XX:+UseG1GC -XX:G1NewSizePercent=20 -XX:G1ReservePercent=20 -XX:MaxGCPauseMillis=50 -XX:G1HeapRegionSize=32M -Xms512m -Xmx3G -Dfile.encoding=windows-1252 -Duser.country=US -Duser.language=en -Duser.variant StartClient -mod build/jar/

Host: AMD Ryzen 7 5800X3D 8-Core Processor           , 16 cores, 15G,  Windows 10 , 64 bit Build 19041 (10.0.19041.3570)
Time: Tue Oct 24 02:52:08 2023 Pacific Daylight Time elapsed time: 55.163593 seconds (0d 0h 0m 55s)

---------------  T H R E A D  ---------------

Current thread (0x000002292f8bce10):  JavaThread "Server Thread" [_thread_in_native, id=8672, stack(0x00000038c59c0000,0x00000038c5ac0000)]

Stack: [0x00000038c59c0000,0x00000038c5ac0000],  sp=0x00000038c5abec30,  free space=1019k
Native frames: (J=compiled Java code, j=interpreted, Vv=VM code, C=native code)
C  [steamworks4j64.dll+0x9679]

Java frames: (J=compiled Java code, j=interpreted, Vv=VM code)
j  com.codedisaster.steamworks.SteamFriendsNative.getPersonaName()Ljava/lang/String;+0
j  com.codedisaster.steamworks.SteamFriends.getPersonaName()Ljava/lang/String;+0
j  necesse.engine.steam.SteamData.getSteamName()Ljava/lang/String;+11
j  necesse.reports.BasicsData$$Lambda$2260+0x00000228cb8a5000.get()Ljava/lang/Object;+0
J 15286 c2 necesse.reports.BasicsData.getString(Ljava/util/function/Supplier;)Ljava/lang/String; (11 bytes) @ 0x00000228b7b2a1a4 [0x00000228b7b2a160+0x0000000000000044]
j  necesse.reports.BasicsData.<init>(Ljava/lang/String;)V+76
j  necesse.reports.CrashReportData.<init>(Ljava/util/List;Lnecesse/engine/network/client/Client;Lnecesse/engine/network/server/Server;Ljava/lang/String;)V+3
j  necesse.engine.GameCrashLog.printCrashLog(Ljava/util/List;Lnecesse/engine/network/client/Client;Lnecesse/engine/network/server/Server;Ljava/lang/String;Z)V+48
j  necesse.engine.ServerTickThread$1.lambda$update$3()V+34
j  necesse.engine.ServerTickThread$1$$Lambda$2255+0x00000228cb8a6d10.run()V+4
j  necesse.engine.GameExceptionHandler.submitException(ZLjava/lang/Exception;Ljava/lang/Runnable;)V+49
J 13586 c1 necesse.engine.ServerTickThread$1.update()V (110 bytes) @ 0x00000228b05055fc [0x00000228b0504960+0x0000000000000c9c]
J 9972 c1 necesse.engine.tickManager.TickManager.tickLogic()V (336 bytes) @ 0x00000228affd685c [0x00000228affd63a0+0x00000000000004bc]
j  necesse.engine.ServerTickThread.run()V+16
v  ~StubRoutines::call_stub

siginfo: EXCEPTION_ACCESS_VIOLATION (0xc0000005), reading address 0x0000000000000000


Register to memory mapping:

RIP=0x00007ff960a29679 steamworks4j64.dll
RAX=0x00007ff960a61058 steamworks4j64.dll
RBX=0x000002292f8bd0c0 points into unknown readable memory: 0x00007ff927e54810 | 10 48 e5 27 f9 7f 00 00
RCX=0x0 is NULL
RDX=0x0 is NULL
RSP=0x00000038c5abec30 is pointing into the stack for thread: 0x000002292f8bce10
RBP=0x00000038c5abecc8 is pointing into the stack for thread: 0x000002292f8bce10
RSI=0x00000000000006fe is an unknown value
RDI=0x000000076a333efc points into unknown readable memory: ef 67 46 ed
R8 =0x00000038c5abe318 is pointing into the stack for thread: 0x000002292f8bce10
R9 =0x00000038c5abe340 is pointing into the stack for thread: 0x000002292f8bce10
R10=0x0 is NULL
R11=0x00000038c5abe770 is pointing into the stack for thread: 0x000002292f8bce10
R12=0x0 is NULL
R13={method} {0x000002290b9d71f0} 'getPersonaName' '()Ljava/lang/String;' in 'com/codedisaster/steamworks/SteamFriendsNative'
R14=0x00000038c5abece0 is pointing into the stack for thread: 0x000002292f8bce10
R15=0x000002292f8bce10 is a thread


Registers:
RAX=0x00007ff960a61058, RBX=0x000002292f8bd0c0, RCX=0x0000000000000000, RDX=0x0000000000000000
RSP=0x00000038c5abec30, RBP=0x00000038c5abecc8, RSI=0x00000000000006fe, RDI=0x000000076a333efc
R8 =0x00000038c5abe318, R9 =0x00000038c5abe340, R10=0x0000000000000000, R11=0x00000038c5abe770
R12=0x0000000000000000, R13=0x000002290b9d71e8, R14=0x00000038c5abece0, R15=0x000002292f8bce10
RIP=0x00007ff960a29679, EFLAGS=0x0000000000010202

Top of Stack: (sp=0x00000038c5abec30)
0x00000038c5abec30:   00000228ca353428 000000076a333520
0x00000038c5abec40:   000000076a333eb0 000000076a333568
0x00000038c5abec50:   000002290b9d71e8 00000228b6a3d621
0x00000038c5abec60:   000000000000000c 000000076a333bf8
0x00000038c5abec70:   0000000000000001 000000076a333bf8
0x00000038c5abec80:   00000038c5abec80 0000000000000000
0x00000038c5abec90:   00000038c5abece0 000002290b9d8440
0x00000038c5abeca0:   0000000000000000 00000007617addf0
0x00000038c5abecb0:   000002290b9d71e8 0000000000000000
0x00000038c5abecc0:   00000038c5abece8 00000038c5abed30
0x00000038c5abecd0:   00000228b6a39657 00000007617addf0
0x00000038c5abece0:   00000228b6a3af7b 00000038c5abece8
0x00000038c5abecf0:   000002290b9d2570 00000038c5abed40
0x00000038c5abed00:   000002290b9d3dd8 0000000000000000
0x00000038c5abed10:   00000007617adaf0 000002290b9d2588
0x00000038c5abed20:   00000038c5abece8 00000038c5abed40 

Instructions: (pc=0x00007ff960a29679)
0x00007ff960a29579:   10 57 48 83 ec 20 48 8b f1 41 8b d9 48 8d 0d bc
0x00007ff960a29589:   7a 03 00 49 8b f8 ff 15 eb cc 01 00 44 8b c3 48
0x00007ff960a29599:   8b d7 48 8b 08 48 8b 01 ff 90 78 01 00 00 4c 8b
0x00007ff960a295a9:   06 48 8b ce 48 8b d0 48 8b 5c 24 30 48 8b 74 24
0x00007ff960a295b9:   38 48 83 c4 20 5f 49 ff a0 38 05 00 00 cc cc cc
0x00007ff960a295c9:   cc cc cc cc cc cc cc 40 53 48 83 ec 20 48 8d 0d
0x00007ff960a295d9:   6b 7a 03 00 49 8b d8 ff 15 9a cc 01 00 48 8b d3
0x00007ff960a295e9:   48 8b 08 48 8b 01 48 83 c4 20 5b 48 ff a0 70 01
0x00007ff960a295f9:   00 00 cc cc cc cc cc 40 53 48 83 ec 20 48 8d 0d
0x00007ff960a29609:   3b 7a 03 00 49 8b d8 ff 15 6a cc 01 00 48 8b d3
0x00007ff960a29619:   48 8b 08 48 8b 01 48 83 c4 20 5b 48 ff a0 20 01
0x00007ff960a29629:   00 00 cc cc cc cc cc 40 53 48 83 ec 20 48 8d 0d
0x00007ff960a29639:   0b 7a 03 00 49 8b d8 ff 15 3a cc 01 00 48 8b d3
0x00007ff960a29649:   48 8b 08 48 8b 01 48 83 c4 20 5b 48 ff a0 18 01
0x00007ff960a29659:   00 00 cc cc cc cc cc 40 53 48 83 ec 20 48 8b d9
0x00007ff960a29669:   48 8d 0d d8 79 03 00 ff 15 0a cc 01 00 48 8b 08
0x00007ff960a29679:   48 8b 01 ff 10 4c 8b 03 48 8b cb 48 8b d0 48 83
0x00007ff960a29689:   c4 20 5b 49 ff a0 38 05 00 00 cc cc cc cc cc cc
0x00007ff960a29699:   cc cc cc cc cc cc cc 48 83 ec 28 48 8d 0d 9d 79
0x00007ff960a296a9:   03 00 ff 15 cf cb 01 00 48 8b 08 48 8b 01 48 83
0x00007ff960a296b9:   c4 28 48 ff 60 10 cc 40 53 48 83 ec 20 48 8d 0d
0x00007ff960a296c9:   7b 79 03 00 49 8b d8 ff 15 aa cb 01 00 48 8b d3
0x00007ff960a296d9:   48 8b 08 48 8b 01 48 83 c4 20 5b 48 ff a0 10 01
0x00007ff960a296e9:   00 00 cc cc cc cc cc 48 89 5c 24 08 48 89 6c 24
0x00007ff960a296f9:   10 48 89 74 24 18 57 48 83 ec 20 48 8b 01 49 8b
0x00007ff960a29709:   d8 45 33 c0 49 8b d1 49 8b e9 48 8b f1 ff 90 48
0x00007ff960a29719:   05 00 00 48 8d 0d 25 79 03 00 48 8b f8 ff 15 54
0x00007ff960a29729:   cb 01 00 4c 8b c7 48 8b d3 48 8b 08 4c 8b 09 41
0x00007ff960a29739:   ff 91 88 01 00 00 4c 8b 0e 4c 8b c7 48 8b d5 48
0x00007ff960a29749:   8b ce 0f b6 d8 41 ff 91 50 05 00 00 48 8b 6c 24
0x00007ff960a29759:   38 0f b6 c3 48 8b 5c 24 30 48 8b 74 24 40 48 83
0x00007ff960a29769:   c4 20 5f c3 cc cc cc 40 53 48 83 ec 20 48 8d 0d 


Stack slot to memory mapping:
stack at sp + 0 slots: {method} {0x00000228ca353430} 'initialize' '(Ljava/util/Locale;)V' in 'java/text/SimpleDateFormat'
stack at sp + 1 slots: 0x000000076a333520 is an oop: java.util.HashMap 
{0x000000076a333520} - klass: 'java/util/HashMap'
 - ---- fields (total size 6 words):
 - transient 'keySet' 'Ljava/util/Set;' @12  NULL (0)
 - transient 'values' 'Ljava/util/Collection;' @16  NULL (0)
 - transient 'size' 'I' @20  2
 - transient 'modCount' 'I' @24  2
 - 'threshold' 'I' @28  12 (c)
 - final 'loadFactor' 'F' @32  0.750000 (3f400000)
 - transient 'table' '[Ljava/util/HashMap$Node;' @36  a 'java/util/HashMap$Node'[16] {0x000000076a333eb0} (ed4667d6)
 - transient 'entrySet' 'Ljava/util/Set;' @40  NULL (0)
stack at sp + 2 slots: 0x000000076a333eb0 is an oop: [Ljava.util.HashMap$Node; 
{0x000000076a333eb0} - klass: 'java/util/HashMap$Node'[]
 - length: 16
stack at sp + 3 slots: 0x000000076a333568 is an oop: java.text.SimpleDateFormat 
{0x000000076a333568} - klass: 'java/text/SimpleDateFormat'
 - ---- fields (total size 8 words):
 - protected 'calendar' 'Ljava/util/Calendar;' @12  a 'java/util/GregorianCalendar'{0x000000076a333618} (ed4666c3)
 - protected 'numberFormat' 'Ljava/text/NumberFormat;' @16  a 'java/text/DecimalFormat'{0x000000076a333a80} (ed466750)
 - private 'serialVersionOnStream' 'I' @20  1
 - private transient 'defaultCenturyStartYear' 'I' @24  1943 (797)
 - private transient 'minusSign' 'C' @28  - 45 (2d)
 - private transient 'zeroDigit' 'C' @30  0 48 (30)
 - private transient 'hasFollowingMinusSign' 'Z' @32  false
 - private transient 'forceStandaloneForm' 'Z' @33  false
 - transient 'useDateFormatSymbols' 'Z' @34  false
 - private 'pattern' 'Ljava/lang/String;' @36  "yyyy-MM-dd HH'h'mm'm'ss's'"{0x0000000745173978} (e8a2e72f)
 - private transient 'originalNumberFormat' 'Ljava/text/NumberFormat;' @40  NULL (0)
 - private transient 'originalNumberPattern' 'Ljava/lang/String;' @44  NULL (0)
 - private transient 'compiledPattern' '[C' @48  [C{0x000000076a333a58} (ed46674b)
 - private 'formatData' 'Ljava/text/DateFormatSymbols;' @52  a 'java/text/DateFormatSymbols'{0x000000076a3337d8} (ed4666fb)
 - private 'defaultCenturyStart' 'Ljava/util/Date;' @56  a 'java/util/Date'{0x000000076a333bc8} (ed466779)
 - private 'locale' 'Ljava/util/Locale;' @60  a 'java/util/Locale'{0x00000007403e12a8} (e807c255)
stack at sp + 4 slots: {method} {0x000002290b9d71f0} 'getPersonaName' '()Ljava/lang/String;' in 'com/codedisaster/steamworks/SteamFriendsNative'
stack at sp + 5 slots: 0x00000228b6a3d621 is at code_begin+993 in an Interpreter codelet
method entry point (kind = native)  [0x00000228b6a3d240, 0x00000228b6a3dbc0]  2432 bytes
stack at sp + 6 slots: 0x000000000000000c is an unknown value
stack at sp + 7 slots: 0x000000076a333bf8 is an oop: java.lang.StringBuffer 
{0x000000076a333bf8} - klass: 'java/lang/StringBuffer'
 - ---- fields (total size 4 words):
 - 'count' 'I' @12  20 (14)
 - 'coder' 'B' @16  0
 - 'value' '[B' @20  [B{0x000000076a333e38} (ed4667c7)
 - private transient 'toStringCache' 'Ljava/lang/String;' @24  "2023-10-24 02h52m08s"{0x000000076a333e70} (ed4667ce)


---------------  P R O C E S S  ---------------

Threads class SMR info:
_java_thread_list=0x000002293029d7e0, length=22, elements={
0x00000228c96d05c0, 0x00000228c96d1350, 0x00000228c96e7e30, 0x00000228c96eb820,
0x00000228c96ed100, 0x00000228c96ed9d0, 0x00000228c96ee680, 0x00000228c96f2540,
0x00000228c96f2e50, 0x00000228c9933070, 0x00000228c993a7d0, 0x000002292f8bce10,
0x000002290f7257f0, 0x000002292f8bd320, 0x000002292f8ba590, 0x000002292f8bec70,
0x000002292f8c05c0, 0x000002292f8b9660, 0x0000022950735560, 0x000002292e02a920,
0x000002295367bab0, 0x0000022990937ac0
}

Java Threads: ( => current thread )
  0x00000228c96d05c0 JavaThread "Reference Handler" daemon [_thread_blocked, id=1148, stack(0x00000038c1c00000,0x00000038c1d00000)]
  0x00000228c96d1350 JavaThread "Finalizer" daemon [_thread_blocked, id=6296, stack(0x00000038c1d00000,0x00000038c1e00000)]
  0x00000228c96e7e30 JavaThread "Signal Dispatcher" daemon [_thread_blocked, id=2880, stack(0x00000038c1e00000,0x00000038c1f00000)]
  0x00000228c96eb820 JavaThread "Attach Listener" daemon [_thread_blocked, id=6300, stack(0x00000038c1f00000,0x00000038c2000000)]
  0x00000228c96ed100 JavaThread "Service Thread" daemon [_thread_blocked, id=16560, stack(0x00000038c2000000,0x00000038c2100000)]
  0x00000228c96ed9d0 JavaThread "Monitor Deflation Thread" daemon [_thread_blocked, id=21040, stack(0x00000038c2100000,0x00000038c2200000)]
  0x00000228c96ee680 JavaThread "C2 CompilerThread0" daemon [_thread_blocked, id=13448, stack(0x00000038c2200000,0x00000038c2300000)]
  0x00000228c96f2540 JavaThread "C1 CompilerThread0" daemon [_thread_blocked, id=26568, stack(0x00000038c2300000,0x00000038c2400000)]
  0x00000228c96f2e50 JavaThread "Sweeper thread" daemon [_thread_blocked, id=10312, stack(0x00000038c2400000,0x00000038c2500000)]
  0x00000228c9933070 JavaThread "Notification Thread" daemon [_thread_blocked, id=30864, stack(0x00000038c2700000,0x00000038c2800000)]
  0x00000228c993a7d0 JavaThread "Common-Cleaner" daemon [_thread_blocked, id=11820, stack(0x00000038c2900000,0x00000038c2a00000)]
=>0x000002292f8bce10 JavaThread "Server Thread" [_thread_in_native, id=8672, stack(0x00000038c59c0000,0x00000038c5ac0000)]
  0x000002290f7257f0 JavaThread "level-na4374x9889d0-light-update" [_thread_blocked, id=30220, stack(0x00000038c5bc0000,0x00000038c5cc0000)]
  0x000002292f8bd320 JavaThread "level-s4374x9889d0-executor-1" [_thread_blocked, id=3928, stack(0x00000038c5fc0000,0x00000038c60c0000)]
  0x000002292f8ba590 JavaThread "level-s4374x9889d0-executor-2" [_thread_blocked, id=15896, stack(0x00000038c56c0000,0x00000038c57c0000)]
  0x000002292f8bec70 JavaThread "level-s4374x9889d0-executor-3" [_thread_blocked, id=31128, stack(0x00000038c57c0000,0x00000038c58c0000)]
  0x000002292f8c05c0 JavaThread "level-s4374x9889d0-executor-4" [_thread_blocked, id=6236, stack(0x00000038c58c0000,0x00000038c59c0000)]
  0x000002292f8b9660 JavaThread "level-s4374x9889d0-executor-5" [_thread_blocked, id=29944, stack(0x00000038c60c0000,0x00000038c61c0000)]
  0x0000022950735560 JavaThread "C1 CompilerThread1" daemon [_thread_blocked, id=22776, stack(0x00000038c3900000,0x00000038c3a00000)]
  0x000002292e02a920 JavaThread "C1 CompilerThread2" daemon [_thread_blocked, id=22104, stack(0x00000038c2b00000,0x00000038c2c00000)]
  0x000002295367bab0 JavaThread "C1 CompilerThread3" daemon [_thread_blocked, id=32740, stack(0x00000038c49c0000,0x00000038c4ac0000)]
  0x0000022990937ac0 JavaThread "DestroyJavaVM" [_thread_blocked, id=21852, stack(0x00000038c1500000,0x00000038c1600000)]

Other Threads:
  0x00000228c96cdab0 VMThread "VM Thread" [stack: 0x00000038c1b00000,0x00000038c1c00000] [id=31112]
  0x00000228c9933550 WatcherThread [stack: 0x00000038c2800000,0x00000038c2900000] [id=18736]
  0x00000228a6329070 GCTaskThread "GC Thread#0" [stack: 0x00000038c1600000,0x00000038c1700000] [id=25900]
  0x000002291653d060 GCTaskThread "GC Thread#1" [stack: 0x00000038c2c00000,0x00000038c2d00000] [id=10548]
  0x00000229165404a0 GCTaskThread "GC Thread#2" [stack: 0x00000038c2d00000,0x00000038c2e00000] [id=17752]
  0x000002291653d5e0 GCTaskThread "GC Thread#3" [stack: 0x00000038c2e00000,0x00000038c2f00000] [id=6508]
  0x000002291653f420 GCTaskThread "GC Thread#4" [stack: 0x00000038c3200000,0x00000038c3300000] [id=15076]
  0x000002291653ebe0 GCTaskThread "GC Thread#5" [stack: 0x00000038c3300000,0x00000038c3400000] [id=3764]
  0x000002291653d8a0 GCTaskThread "GC Thread#6" [stack: 0x00000038c3400000,0x00000038c3500000] [id=4252]
  0x000002291653e3a0 GCTaskThread "GC Thread#7" [stack: 0x00000038c3500000,0x00000038c3600000] [id=28908]
  0x000002291653f9a0 GCTaskThread "GC Thread#8" [stack: 0x00000038c3ec0000,0x00000038c3fc0000] [id=24840]
  0x0000022916540ce0 GCTaskThread "GC Thread#9" [stack: 0x00000038c3fc0000,0x00000038c40c0000] [id=10756]
  0x000002291653db60 GCTaskThread "GC Thread#10" [stack: 0x00000038c40c0000,0x00000038c41c0000] [id=27864]
  0x000002291653e920 GCTaskThread "GC Thread#11" [stack: 0x00000038c41c0000,0x00000038c42c0000] [id=4220]
  0x000002291653f160 GCTaskThread "GC Thread#12" [stack: 0x00000038c42c0000,0x00000038c43c0000] [id=13756]
  0x00000228a632aad0 ConcurrentGCThread "G1 Main Marker" [stack: 0x00000038c1700000,0x00000038c1800000] [id=25040]
  0x00000228a632bb90 ConcurrentGCThread "G1 Conc#0" [stack: 0x00000038c1800000,0x00000038c1900000] [id=32668]
  0x000002291653e0e0 ConcurrentGCThread "G1 Conc#1" [stack: 0x00000038c47c0000,0x00000038c48c0000] [id=29052]
  0x000002291653eea0 ConcurrentGCThread "G1 Conc#2" [stack: 0x00000038c48c0000,0x00000038c49c0000] [id=1012]
  0x00000228a63a8da0 ConcurrentGCThread "G1 Refine#0" [stack: 0x00000038c1900000,0x00000038c1a00000] [id=29624]
  0x00000229117b5740 ConcurrentGCThread "G1 Refine#1" [stack: 0x00000038c43c0000,0x00000038c44c0000] [id=1268]
  0x0000022926405c30 ConcurrentGCThread "G1 Refine#2" [stack: 0x00000038c2500000,0x00000038c2600000] [id=17040]
  0x0000022926404d80 ConcurrentGCThread "G1 Refine#3" [stack: 0x00000038c2600000,0x00000038c2700000] [id=16708]
  0x00000228a63a96e0 ConcurrentGCThread "G1 Service" [stack: 0x00000038c1a00000,0x00000038c1b00000] [id=16112]

Threads with active compile tasks:

VM state: not at safepoint (normal execution)

VM Mutex/Monitor currently owned by a thread: None

Heap address: 0x0000000740000000, size: 3072 MB, Compressed Oops mode: Zero based, Oop shift amount: 3

CDS archive(s) mapped at: [0x00000228ca000000-0x00000228cabd0000-0x00000228cabd0000), size 12386304, SharedBaseAddress: 0x00000228ca000000, ArchiveRelocationMode: 1.
Compressed class space mapped at: 0x00000228cb000000-0x000002290b000000, reserved size: 1073741824
Narrow klass base: 0x00000228ca000000, Narrow klass shift: 0, Narrow klass range: 0x100000000

GC Precious Log:
 CPUs: 16 total, 16 available
 Memory: 16309M
 Large Page Support: Disabled
 NUMA Support: Disabled
 Compressed Oops: Enabled (Zero based)
 Heap Region Size: 32M
 Heap Min Capacity: 512M
 Heap Initial Capacity: 512M
 Heap Max Capacity: 3G
 Pre-touch: Disabled
 Parallel Workers: 13
 Concurrent Workers: 3
 Concurrent Refinement Workers: 13
 Periodic GC: Disabled

Heap:
 garbage-first heap   total 983040K, used 618373K [0x0000000740000000, 0x0000000800000000)
  region size 32768K, 10 young (327680K), 1 survivors (32768K)
 Metaspace       used 54668K, committed 55360K, reserved 1114112K
  class space    used 8530K, committed 8832K, reserved 1048576K

Heap Regions: E=young(eden), S=young(survivor), O=old, HS=humongous(starts), HC=humongous(continues), CS=collection set, F=free, OA=open archive, CA=closed archive, TAMS=top-at-mark-start (previous, next)
|   0|0x0000000740000000, 0x0000000742000000, 0x0000000742000000|100%| O|  |TAMS 0x0000000742000000, 0x0000000740000000| Untracked 
|   1|0x0000000742000000, 0x0000000744000000, 0x0000000744000000|100%| O|  |TAMS 0x0000000744000000, 0x0000000742000000| Untracked 
|   2|0x0000000744000000, 0x0000000746000000, 0x0000000746000000|100%| O|  |TAMS 0x0000000744000000, 0x0000000744000000| Untracked 
|   3|0x0000000746000000, 0x0000000748000000, 0x0000000748000000|100%| O|  |TAMS 0x0000000747e5b600, 0x0000000746000000| Untracked 
|   4|0x0000000748000000, 0x000000074a000000, 0x000000074a000000|100%| O|  |TAMS 0x0000000748000000, 0x0000000748000000| Untracked 
|   5|0x000000074a000000, 0x000000074a2f0e00, 0x000000074c000000|  9%| O|  |TAMS 0x000000074a000000, 0x000000074a000000| Untracked 
|   6|0x000000074c000000, 0x000000074c000000, 0x000000074e000000|  0%| F|  |TAMS 0x000000074c000000, 0x000000074c000000| Untracked 
|   7|0x000000074e000000, 0x0000000750000000, 0x0000000750000000|100%| O|  |TAMS 0x0000000750000000, 0x000000074e000000| Untracked 
|   8|0x0000000750000000, 0x0000000750000000, 0x0000000752000000|  0%| F|  |TAMS 0x0000000750000000, 0x0000000750000000| Untracked 
|   9|0x0000000752000000, 0x0000000752000000, 0x0000000754000000|  0%| F|  |TAMS 0x0000000752000000, 0x0000000752000000| Untracked 
|  10|0x0000000754000000, 0x0000000754000000, 0x0000000756000000|  0%| F|  |TAMS 0x0000000754000000, 0x0000000754000000| Untracked 
|  11|0x0000000756000000, 0x0000000756000000, 0x0000000758000000|  0%| F|  |TAMS 0x0000000756000000, 0x0000000756000000| Untracked 
|  12|0x0000000758000000, 0x0000000758000000, 0x000000075a000000|  0%| F|  |TAMS 0x0000000758000000, 0x0000000758000000| Untracked 
|  13|0x000000075a000000, 0x000000075c000000, 0x000000075c000000|100%| O|  |TAMS 0x000000075c000000, 0x000000075a000000| Untracked 
|  14|0x000000075c000000, 0x000000075e000000, 0x000000075e000000|100%| O|  |TAMS 0x000000075e000000, 0x000000075c000000| Untracked 
|  15|0x000000075e000000, 0x0000000760000000, 0x0000000760000000|100%| O|  |TAMS 0x0000000760000000, 0x000000075e000000| Untracked 
|  16|0x0000000760000000, 0x0000000762000000, 0x0000000762000000|100%| O|  |TAMS 0x0000000762000000, 0x0000000760000000| Untracked 
|  17|0x0000000762000000, 0x0000000762000000, 0x0000000764000000|  0%| F|  |TAMS 0x0000000762000000, 0x0000000762000000| Untracked 
|  18|0x0000000764000000, 0x00000007658f0618, 0x0000000766000000| 77%| S|CS|TAMS 0x0000000764000000, 0x0000000764000000| Complete 
|  19|0x0000000766000000, 0x0000000766000000, 0x0000000768000000|  0%| F|  |TAMS 0x0000000766000000, 0x0000000766000000| Untracked 
|  20|0x0000000768000000, 0x0000000768000000, 0x000000076a000000|  0%| F|  |TAMS 0x0000000768000000, 0x0000000768000000| Untracked 
|  21|0x000000076a000000, 0x000000076a380d20, 0x000000076c000000| 10%| E|  |TAMS 0x000000076a000000, 0x000000076a000000| Complete 
|  22|0x000000076c000000, 0x000000076e000000, 0x000000076e000000|100%| E|CS|TAMS 0x000000076c000000, 0x000000076c000000| Complete 
|  23|0x000000076e000000, 0x0000000770000000, 0x0000000770000000|100%| E|CS|TAMS 0x000000076e000000, 0x000000076e000000| Complete 
|  24|0x0000000770000000, 0x0000000772000000, 0x0000000772000000|100%| E|CS|TAMS 0x0000000770000000, 0x0000000770000000| Complete 
|  25|0x0000000772000000, 0x0000000774000000, 0x0000000774000000|100%| E|CS|TAMS 0x0000000772000000, 0x0000000772000000| Complete 
|  26|0x0000000774000000, 0x0000000776000000, 0x0000000776000000|100%| E|CS|TAMS 0x0000000774000000, 0x0000000774000000| Complete 
|  27|0x0000000776000000, 0x0000000778000000, 0x0000000778000000|100%| E|CS|TAMS 0x0000000776000000, 0x0000000776000000| Complete 
|  36|0x0000000788000000, 0x000000078a000000, 0x000000078a000000|100%| E|CS|TAMS 0x0000000788000000, 0x0000000788000000| Complete 
|  38|0x000000078c000000, 0x000000078e000000, 0x000000078e000000|100%| E|CS|TAMS 0x000000078c000000, 0x000000078c000000| Complete 

Card table byte_map: [0x00000228bfba0000,0x00000228c01a0000] _byte_map_base: 0x00000228bc1a0000

Marking Bits (Prev, Next): (CMBitMap*) 0x00000228a63295e0, (CMBitMap*) 0x00000228a63295a0
 Prev Bits: [0x00000228c37a0000, 0x00000228c67a0000)
 Next Bits: [0x00000228c07a0000, 0x00000228c37a0000)

Polling page: 0x00000228a63b0000

Metaspace:

Usage:
  Non-class:     45.06 MB used.
      Class:      8.33 MB used.
       Both:     53.39 MB used.

Virtual space:
  Non-class space:       64.00 MB reserved,      45.44 MB ( 71%) committed,  1 nodes.
      Class space:        1.00 GB reserved,       8.62 MB ( <1%) committed,  1 nodes.
             Both:        1.06 GB reserved,      54.06 MB (  5%) committed. 

Chunk freelists:
   Non-Class:  1.83 MB
       Class:  7.26 MB
        Both:  9.09 MB

MaxMetaspaceSize: unlimited
CompressedClassSpaceSize: 1.00 GB
Initial GC threshold: 21.00 MB
Current GC threshold: 65.88 MB
CDS: on
MetaspaceReclaimPolicy: balanced
 - commit_granule_bytes: 65536.
 - commit_granule_words: 8192.
 - virtual_space_node_default_size: 8388608.
 - enlarge_chunks_in_place: 1.
 - new_chunks_are_fully_committed: 0.
 - uncommit_free_chunks: 1.
 - use_allocation_guard: 0.
 - handle_deallocations: 1.


Internal statistics:

num_allocs_failed_limit: 15.
num_arena_births: 1024.
num_arena_deaths: 2.
num_vsnodes_births: 2.
num_vsnodes_deaths: 0.
num_space_committed: 862.
num_space_uncommitted: 0.
num_chunks_returned_to_freelist: 19.
num_chunks_taken_from_freelist: 3149.
num_chunk_merges: 15.
num_chunk_splits: 2158.
num_chunks_enlarged: 1588.
num_inconsistent_stats: 0.

CodeHeap 'non-profiled nmethods': size=119168Kb used=10140Kb max_used=10140Kb free=109027Kb
 bounds [0x00000228b7180000, 0x00000228b7b70000, 0x00000228be5e0000]
CodeHeap 'profiled nmethods': size=119104Kb used=17734Kb max_used=17763Kb free=101369Kb
 bounds [0x00000228af5e0000, 0x00000228b0740000, 0x00000228b6a30000]
CodeHeap 'non-nmethods': size=7488Kb used=3849Kb max_used=3888Kb free=3638Kb
 bounds [0x00000228b6a30000, 0x00000228b6e10000, 0x00000228b7180000]
 total_blobs=11240 nmethods=9500 adapters=1647
 compilation: enabled
              stopped_count=0, restarted_count=0
 full_count=0

Compilation events (20 events):
Event: 54.608 Thread 0x00000228c96f2540 nmethod 15454 0x00000228b0732890 code [0x00000228b0732a20, 0x00000228b0732bb8]
Event: 54.617 Thread 0x00000228c96ee680 nmethod 15447 0x00000228b7b65e10 code [0x00000228b7b65fc0, 0x00000228b7b667b8]
Event: 54.618 Thread 0x0000022950735560 15455       3       java.util.StringJoiner::toString (53 bytes)
Event: 54.619 Thread 0x0000022950735560 nmethod 15455 0x00000228b0732c90 code [0x00000228b0732e40, 0x00000228b0733068]
Event: 54.619 Thread 0x0000022950735560 15456       3       necesse.engine.save.SaveComponent::getScript (587 bytes)
Event: 54.619 Thread 0x00000228c96ee680 15457       4       necesse.engine.save.SaveComponent::getName (17 bytes)
Event: 54.619 Thread 0x00000228c96ee680 nmethod 15457 0x00000228b7b66b90 code [0x00000228b7b66d20, 0x00000228b7b66de8]
Event: 54.621 Thread 0x0000022950735560 nmethod 15456 0x00000228b0733110 code [0x00000228b0733a20, 0x00000228b07381e8]
Event: 54.907 Thread 0x0000022950735560 15458       3       java.util.Locale::getCountry (8 bytes)
Event: 54.907 Thread 0x0000022950735560 nmethod 15458 0x00000228b0614210 code [0x00000228b06143a0, 0x00000228b06144d8]
Event: 54.958 Thread 0x0000022950735560 15459       3       java.lang.StringBuilder::getChars (10 bytes)
Event: 54.958 Thread 0x0000022950735560 nmethod 15459 0x00000228afae4710 code [0x00000228afae48a0, 0x00000228afae49e8]
Event: 55.108 Thread 0x000002295367bab0 15460       3       necesse.engine.save.SaveComponent::getScript (38 bytes)
Event: 55.108 Thread 0x000002295367bab0 nmethod 15460 0x00000228b00d6710 code [0x00000228b00d6940, 0x00000228b00d70e8]
Event: 55.108 Thread 0x00000228c96ee680 15461       4       java.lang.Throwable$WrappedPrintStream::println (9 bytes)
Event: 55.109 Thread 0x00000228c96ee680 nmethod 15461 0x00000228b7b66e90 code [0x00000228b7b67020, 0x00000228b7b67148]
Event: 55.158 Thread 0x00000228c96f2540 15462       3       necesse.engine.util.LevelIdentifier::getIslandX (9 bytes)
Event: 55.158 Thread 0x0000022950735560 15463       3       necesse.engine.util.LevelIdentifier::getIslandY (9 bytes)
Event: 55.158 Thread 0x0000022950735560 nmethod 15463 0x00000228afed7390 code [0x00000228afed7520, 0x00000228afed7668]
Event: 55.158 Thread 0x00000228c96f2540 nmethod 15462 0x00000228af82bd10 code [0x00000228af82bea0, 0x00000228af82bfe8]

GC Heap History (20 events):
Event: 42.962 GC heap before
{Heap before GC invocations=120 (full 0):
 garbage-first heap   total 983040K, used 728576K [0x0000000740000000, 0x0000000800000000)
  region size 32768K, 13 young (425984K), 1 survivors (32768K)
 Metaspace       used 54081K, committed 54784K, reserved 1114112K
  class space    used 8501K, committed 8832K, reserved 1048576K
}
Event: 42.965 GC heap after
{Heap after GC invocations=121 (full 0):
 garbage-first heap   total 983040K, used 341790K [0x0000000740000000, 0x0000000800000000)
  region size 32768K, 1 young (32768K), 1 survivors (32768K)
 Metaspace       used 54081K, committed 54784K, reserved 1114112K
  class space    used 8501K, committed 8832K, reserved 1048576K
}
Event: 43.138 GC heap before
{Heap before GC invocations=121 (full 0):
 garbage-first heap   total 983040K, used 702238K [0x0000000740000000, 0x0000000800000000)
  region size 32768K, 12 young (393216K), 1 survivors (32768K)
 Metaspace       used 54096K, committed 54784K, reserved 1114112K
  class space    used 8501K, committed 8832K, reserved 1048576K
}
Event: 43.140 GC heap after
{Heap after GC invocations=122 (full 0):
 garbage-first heap   total 983040K, used 341851K [0x0000000740000000, 0x0000000800000000)
  region size 32768K, 1 young (32768K), 1 survivors (32768K)
 Metaspace       used 54096K, committed 54784K, reserved 1114112K
  class space    used 8501K, committed 8832K, reserved 1048576K
}
Event: 43.545 GC heap before
{Heap before GC invocations=122 (full 0):
 garbage-first heap   total 983040K, used 702299K [0x0000000740000000, 0x0000000800000000)
  region size 32768K, 12 young (393216K), 1 survivors (32768K)
 Metaspace       used 54301K, committed 54976K, reserved 1114112K
  class space    used 8523K, committed 8832K, reserved 1048576K
}
Event: 43.549 GC heap after
{Heap after GC invocations=123 (full 0):
 garbage-first heap   total 983040K, used 354158K [0x0000000740000000, 0x0000000800000000)
  region size 32768K, 1 young (32768K), 1 survivors (32768K)
 Metaspace       used 54301K, committed 54976K, reserved 1114112K
  class space    used 8523K, committed 8832K, reserved 1048576K
}
Event: 44.284 GC heap before
{Heap before GC invocations=123 (full 0):
 garbage-first heap   total 983040K, used 714606K [0x0000000740000000, 0x0000000800000000)
  region size 32768K, 12 young (393216K), 1 survivors (32768K)
 Metaspace       used 54381K, committed 55040K, reserved 1114112K
  class space    used 8523K, committed 8832K, reserved 1048576K
}
Event: 44.287 GC heap after
{Heap after GC invocations=124 (full 0):
 garbage-first heap   total 983040K, used 355185K [0x0000000740000000, 0x0000000800000000)
  region size 32768K, 1 young (32768K), 1 survivors (32768K)
 Metaspace       used 54381K, committed 55040K, reserved 1114112K
  class space    used 8523K, committed 8832K, reserved 1048576K
}
Event: 45.019 GC heap before
{Heap before GC invocations=124 (full 0):
 garbage-first heap   total 983040K, used 715633K [0x0000000740000000, 0x0000000800000000)
  region size 32768K, 12 young (393216K), 1 survivors (32768K)
 Metaspace       used 54444K, committed 55168K, reserved 1114112K
  class space    used 8523K, committed 8832K, reserved 1048576K
}
Event: 45.022 GC heap after
{Heap after GC invocations=125 (full 0):
 garbage-first heap   total 983040K, used 355346K [0x0000000740000000, 0x0000000800000000)
  region size 32768K, 1 young (32768K), 1 survivors (32768K)
 Metaspace       used 54444K, committed 55168K, reserved 1114112K
  class space    used 8523K, committed 8832K, reserved 1048576K
}
Event: 45.753 GC heap before
{Heap before GC invocations=125 (full 0):
 garbage-first heap   total 983040K, used 715794K [0x0000000740000000, 0x0000000800000000)
  region size 32768K, 12 young (393216K), 1 survivors (32768K)
 Metaspace       used 54463K, committed 55168K, reserved 1114112K
  class space    used 8523K, committed 8832K, reserved 1048576K
}
Event: 45.756 GC heap after
{Heap after GC invocations=126 (full 0):
 garbage-first heap   total 983040K, used 356195K [0x0000000740000000, 0x0000000800000000)
  region size 32768K, 1 young (32768K), 1 survivors (32768K)
 Metaspace       used 54463K, committed 55168K, reserved 1114112K
  class space    used 8523K, committed 8832K, reserved 1048576K
}
Event: 46.494 GC heap before
{Heap before GC invocations=126 (full 0):
 garbage-first heap   total 983040K, used 716643K [0x0000000740000000, 0x0000000800000000)
  region size 32768K, 12 young (393216K), 1 survivors (32768K)
 Metaspace       used 54487K, committed 55168K, reserved 1114112K
  class space    used 8526K, committed 8832K, reserved 1048576K
}
Event: 46.497 GC heap after
{Heap after GC invocations=127 (full 0):
 garbage-first heap   total 983040K, used 356376K [0x0000000740000000, 0x0000000800000000)
  region size 32768K, 1 young (32768K), 1 survivors (32768K)
 Metaspace       used 54487K, committed 55168K, reserved 1114112K
  class space    used 8526K, committed 8832K, reserved 1048576K
}
Event: 47.548 GC heap before
{Heap before GC invocations=127 (full 0):
 garbage-first heap   total 983040K, used 716824K [0x0000000740000000, 0x0000000800000000)
  region size 32768K, 12 young (393216K), 1 survivors (32768K)
 Metaspace       used 54529K, committed 55232K, reserved 1114112K
  class space    used 8526K, committed 8832K, reserved 1048576K
}
Event: 47.551 GC heap after
{Heap after GC invocations=128 (full 0):
 garbage-first heap   total 983040K, used 356573K [0x0000000740000000, 0x0000000800000000)
  region size 32768K, 1 young (32768K), 1 survivors (32768K)
 Metaspace       used 54529K, committed 55232K, reserved 1114112K
  class space    used 8526K, committed 8832K, reserved 1048576K
}
Event: 50.130 GC heap before
{Heap before GC invocations=128 (full 0):
 garbage-first heap   total 983040K, used 717021K [0x0000000740000000, 0x0000000800000000)
  region size 32768K, 12 young (393216K), 1 survivors (32768K)
 Metaspace       used 54586K, committed 55232K, reserved 1114112K
  class space    used 8526K, committed 8832K, reserved 1048576K
}
Event: 50.133 GC heap after
{Heap after GC invocations=129 (full 0):
 garbage-first heap   total 983040K, used 356544K [0x0000000740000000, 0x0000000800000000)
  region size 32768K, 1 young (32768K), 1 survivors (32768K)
 Metaspace       used 54586K, committed 55232K, reserved 1114112K
  class space    used 8526K, committed 8832K, reserved 1048576K
}
Event: 52.673 GC heap before
{Heap before GC invocations=129 (full 0):
 garbage-first heap   total 983040K, used 716992K [0x0000000740000000, 0x0000000800000000)
  region size 32768K, 12 young (393216K), 1 survivors (32768K)
 Metaspace       used 54615K, committed 55296K, reserved 1114112K
  class space    used 8527K, committed 8832K, reserved 1048576K
}
Event: 52.676 GC heap after
{Heap after GC invocations=130 (full 0):
 garbage-first heap   total 983040K, used 356229K [0x0000000740000000, 0x0000000800000000)
  region size 32768K, 1 young (32768K), 1 survivors (32768K)
 Metaspace       used 54615K, committed 55296K, reserved 1114112K
  class space    used 8527K, committed 8832K, reserved 1048576K
}

Dll operation events (19 events):
Event: 0.004 Loaded shared library C:\Users\Project\.jdks\temurin-17.0.8.1\bin\java.dll
Event: 0.013 Loaded shared library C:\Users\Project\.jdks\temurin-17.0.8.1\bin\jsvml.dll
Event: 0.028 Loaded shared library C:\Users\Project\.jdks\temurin-17.0.8.1\bin\net.dll
Event: 0.029 Loaded shared library C:\Users\Project\.jdks\temurin-17.0.8.1\bin\nio.dll
Event: 0.033 Loaded shared library C:\Users\Project\.jdks\temurin-17.0.8.1\bin\zip.dll
Event: 0.076 Loaded shared library C:\Users\Project\.jdks\temurin-17.0.8.1\bin\jimage.dll
Event: 0.108 Loaded shared library C:\Users\Project\.jdks\temurin-17.0.8.1\bin\verify.dll
Event: 0.188 Loaded shared library E:\Games\Steam\steamapps\common\Necesse\natives\jna15746960704754516100.dll
Event: 0.434 Loaded shared library C:\Users\Project\.jdks\temurin-17.0.8.1\bin\management.dll
Event: 0.435 Loaded shared library C:\Users\Project\.jdks\temurin-17.0.8.1\bin\management_ext.dll
Event: 0.459 Loaded shared library E:\Games\Steam\steamapps\common\Necesse\natives\lwjgl.dll
Event: 0.462 Loaded shared library E:\Games\Steam\steamapps\common\Necesse\natives\steam_api64.dll
Event: 0.465 Loaded shared library E:\Games\Steam\steamapps\common\Necesse\natives\steamworks4j64.dll
Event: 0.630 Loaded shared library C:\Users\Project\.jdks\temurin-17.0.8.1\bin\awt.dll
Event: 1.073 Loaded shared library E:\Games\Steam\steamapps\common\Necesse\natives\lwjgl_opengl.dll
Event: 1.273 Loaded shared library E:\Games\Steam\steamapps\common\Necesse\natives\lwjgl_stb.dll
Event: 3.071 Loaded shared library C:\Users\Project\.jdks\temurin-17.0.8.1\bin\instrument.dll
Event: 3.071 Loaded shared library C:\Users\Project\.jdks\temurin-17.0.8.1\bin\zip.dll
Event: 3.073 Loaded shared library C:\Users\Project\.jdks\temurin-17.0.8.1\bin\instrument.dll

Deoptimization events (20 events):
Event: 54.619 Thread 0x00000228a62eacb0 Uncommon trap: trap_request=0xffffffde fr.pc=0x00000228b7936e5c relative=0x00000000000000bc
Event: 54.619 Thread 0x00000228a62eacb0 Uncommon trap: reason=class_check action=maybe_recompile pc=0x00000228b7936e5c method=java.util.stream.ReduceOps$3.getOpFlags()I @ 12 c2
Event: 54.619 Thread 0x00000228a62eacb0 DEOPT PACKING pc=0x00000228b7936e5c sp=0x00000038c15ff230
Event: 54.619 Thread 0x00000228a62eacb0 DEOPT UNPACKING pc=0x00000228b6a869a3 sp=0x00000038c15ff1c0 mode 2
Event: 54.619 Thread 0x00000228a62eacb0 Uncommon trap: trap_request=0xffffffde fr.pc=0x00000228b794f360 relative=0x00000000000002a0
Event: 54.619 Thread 0x00000228a62eacb0 Uncommon trap: reason=class_check action=maybe_recompile pc=0x00000228b794f360 method=java.util.stream.ReferencePipeline.collect(Ljava/util/stream/Collector;)Ljava/lang/Object; @ 99 c2
Event: 54.619 Thread 0x00000228a62eacb0 DEOPT PACKING pc=0x00000228b794f360 sp=0x00000038c15ff260
Event: 54.619 Thread 0x00000228a62eacb0 DEOPT UNPACKING pc=0x00000228b6a869a3 sp=0x00000038c15ff228 mode 2
Event: 54.619 Thread 0x00000228a62eacb0 Uncommon trap: trap_request=0xffffffde fr.pc=0x00000228b7936e5c relative=0x00000000000000bc
Event: 54.619 Thread 0x00000228a62eacb0 Uncommon trap: reason=class_check action=maybe_recompile pc=0x00000228b7936e5c method=java.util.stream.ReduceOps$3.getOpFlags()I @ 12 c2
Event: 54.619 Thread 0x00000228a62eacb0 DEOPT PACKING pc=0x00000228b7936e5c sp=0x00000038c15ff230
Event: 54.619 Thread 0x00000228a62eacb0 DEOPT UNPACKING pc=0x00000228b6a869a3 sp=0x00000038c15ff1c0 mode 2
Event: 54.619 Thread 0x00000228a62eacb0 Uncommon trap: trap_request=0xffffffde fr.pc=0x00000228b794f360 relative=0x00000000000002a0
Event: 54.619 Thread 0x00000228a62eacb0 Uncommon trap: reason=class_check action=maybe_recompile pc=0x00000228b794f360 method=java.util.stream.ReferencePipeline.collect(Ljava/util/stream/Collector;)Ljava/lang/Object; @ 99 c2
Event: 54.619 Thread 0x00000228a62eacb0 DEOPT PACKING pc=0x00000228b794f360 sp=0x00000038c15ff260
Event: 54.619 Thread 0x00000228a62eacb0 DEOPT UNPACKING pc=0x00000228b6a869a3 sp=0x00000038c15ff228 mode 2
Event: 54.619 Thread 0x00000228a62eacb0 Uncommon trap: trap_request=0xffffff45 fr.pc=0x00000228b7ab3908 relative=0x0000000000005c08
Event: 54.619 Thread 0x00000228a62eacb0 Uncommon trap: reason=unstable_if action=reinterpret pc=0x00000228b7ab3908 method=necesse.engine.save.SaveComponent.getScript(Ljava/lang/String;Ljava/lang/String;ZLjava/util/Set;)Ljava/lang/String; @ 85 c2
Event: 54.619 Thread 0x00000228a62eacb0 DEOPT PACKING pc=0x00000228b7ab3908 sp=0x00000038c15fee50
Event: 54.619 Thread 0x00000228a62eacb0 DEOPT UNPACKING pc=0x00000228b6a869a3 sp=0x00000038c15fee50 mode 2

Classes unloaded (1 events):
Event: 4.985 Thread 0x00000228c96cdab0 Unloading class 0x00000228cb330800 'net/bytebuddy/mirror/AccessibleObject'

Classes redefined (20 events):
Event: 3.648 Thread 0x00000228c96cdab0 redefined class name=moretrinketslots.patches.worldsettings.LoadSaveScriptPatch, count=2
Event: 3.648 Thread 0x00000228c96cdab0 redefined class name=moretrinketslots.patches.worldsettings.SetupContentPacketPatch, count=2
Event: 3.665 Thread 0x00000228c96cdab0 redefined class name=necesse.engine.world.WorldSettings, count=2
Event: 3.668 Thread 0x00000228c96cdab0 redefined class name=moretrinketslots.patches.player.InitialTrinketSlotsPatch, count=3
Event: 3.668 Thread 0x00000228c96cdab0 redefined class name=moretrinketslots.patches.worldsettings.ApplyContentPacketPatch, count=3
Event: 3.668 Thread 0x00000228c96cdab0 redefined class name=moretrinketslots.patches.worldsettings.GetSaveScriptPatch, count=3
Event: 3.668 Thread 0x00000228c96cdab0 redefined class name=moretrinketslots.patches.worldsettings.LoadSaveScriptPatch, count=3
Event: 3.668 Thread 0x00000228c96cdab0 redefined class name=moretrinketslots.patches.worldsettings.SetupContentPacketPatch, count=3
Event: 3.685 Thread 0x00000228c96cdab0 redefined class name=necesse.engine.world.WorldSettings, count=3
Event: 3.688 Thread 0x00000228c96cdab0 redefined class name=moretrinketslots.patches.player.InitialTrinketSlotsPatch, count=4
Event: 3.688 Thread 0x00000228c96cdab0 redefined class name=moretrinketslots.patches.worldsettings.ApplyContentPacketPatch, count=4
Event: 3.688 Thread 0x00000228c96cdab0 redefined class name=moretrinketslots.patches.worldsettings.GetSaveScriptPatch, count=4
Event: 3.688 Thread 0x00000228c96cdab0 redefined class name=moretrinketslots.patches.worldsettings.LoadSaveScriptPatch, count=4
Event: 3.688 Thread 0x00000228c96cdab0 redefined class name=moretrinketslots.patches.worldsettings.SetupContentPacketPatch, count=4
Event: 3.707 Thread 0x00000228c96cdab0 redefined class name=necesse.engine.world.WorldSettings, count=4
Event: 3.711 Thread 0x00000228c96cdab0 redefined class name=moretrinketslots.patches.player.InitialTrinketSlotsPatch, count=5
Event: 3.711 Thread 0x00000228c96cdab0 redefined class name=moretrinketslots.patches.worldsettings.ApplyContentPacketPatch, count=5
Event: 3.711 Thread 0x00000228c96cdab0 redefined class name=moretrinketslots.patches.worldsettings.GetSaveScriptPatch, count=5
Event: 3.711 Thread 0x00000228c96cdab0 redefined class name=moretrinketslots.patches.worldsettings.LoadSaveScriptPatch, count=5
Event: 3.711 Thread 0x00000228c96cdab0 redefined class name=moretrinketslots.patches.worldsettings.SetupContentPacketPatch, count=5

Internal exceptions (20 events):
Event: 13.848 Thread 0x000002292f8bbee0 Exception <a 'java/lang/NoSuchMethodError'{0x0000000770271aa0}: 'int java.lang.invoke.DirectMethodHandle$Holder.invokeVirtual(java.lang.Object, java.lang.Object, int, int)'> (0x0000000770271aa0) 
thrown [s\src\hotspot\share\interpreter\linkResolver.cpp, line 759]
Event: 13.848 Thread 0x000002292f8bb4c0 Exception <a 'java/lang/NoSuchMethodError'{0x000000077011d7e8}: 'java.lang.Object java.lang.invoke.DirectMethodHandle$Holder.newInvokeSpecial(java.lang.Object, java.lang.Object, java.lang.Object, java.lang.Object, int, int, int, int)'> (0x000000077011d7e8) 
thrown [s\src\hotspot\share\interpreter\linkResolver.cpp, line 759]
Event: 13.848 Thread 0x000002292f8bb4c0 Exception <a 'java/lang/NoSuchMethodError'{0x0000000770121620}: 'java.lang.Object java.lang.invoke.DirectMethodHandle$Holder.invokeSpecial(java.lang.Object, java.lang.Object, java.lang.Object, java.lang.Object, java.lang.Object, int, int, int, int)'> (0x0000000770121620) 
thrown [s\src\hotspot\share\interpreter\linkResolver.cpp, line 759]
Event: 13.848 Thread 0x000002292f8bd830 Exception <a 'java/lang/NoSuchMethodError'{0x000000077003b780}: 'java.lang.Object java.lang.invoke.Invokers$Holder.linkToTargetMethod(java.lang.Object, java.lang.Object, java.lang.Object, int, int, int, int, java.lang.Object)'> (0x000000077003b780) 
thrown [s\src\hotspot\share\interpreter\linkResolver.cpp, line 759]
Event: 13.849 Thread 0x000002292f8bb4c0 Exception <a 'java/lang/NoSuchMethodError'{0x0000000770124ed0}: 'java.lang.Object java.lang.invoke.Invokers$Holder.linkToTargetMethod(java.lang.Object, java.lang.Object, java.lang.Object, int, int, int, int, java.lang.Object)'> (0x0000000770124ed0) 
thrown [s\src\hotspot\share\interpreter\linkResolver.cpp, line 759]
Event: 13.864 Thread 0x000002292f8bb4c0 Exception <a 'java/lang/NoSuchMethodError'{0x00000007709e6158}: 'java.lang.Object java.lang.invoke.DirectMethodHandle$Holder.newInvokeSpecial(java.lang.Object, int, int, java.lang.Object, int, java.lang.Object)'> (0x00000007709e6158) 
thrown [s\src\hotspot\share\interpreter\linkResolver.cpp, line 759]
Event: 13.896 Thread 0x00000228a62eacb0 Exception <a 'java/lang/NoSuchMethodError'{0x000000077378ac68}: 'java.lang.Object java.lang.invoke.DirectMethodHandle$Holder.invokeStatic(java.lang.Object, java.lang.Object, int, int, float)'> (0x000000077378ac68) 
thrown [s\src\hotspot\share\interpreter\linkResolver.cpp, line 759]
Event: 13.897 Thread 0x00000228a62eacb0 Exception <a 'java/lang/NoSuchMethodError'{0x00000007737a5fa8}: 'void java.lang.invoke.DirectMethodHandle$Holder.invokeStatic(java.lang.Object, java.lang.Object, int, int, float)'> (0x00000007737a5fa8) 
thrown [s\src\hotspot\share\interpreter\linkResolver.cpp, line 759]
Event: 13.900 Thread 0x00000228a62eacb0 Exception <a 'java/lang/NoSuchMethodError'{0x00000007737e9b00}: 'java.lang.Object java.lang.invoke.DirectMethodHandle$Holder.newInvokeSpecial(java.lang.Object, java.lang.Object, float, float)'> (0x00000007737e9b00) 
thrown [s\src\hotspot\share\interpreter\linkResolver.cpp, line 759]
Event: 13.900 Thread 0x00000228a62eacb0 Exception <a 'java/lang/NoSuchMethodError'{0x00000007737f1008}: 'java.lang.Object java.lang.invoke.Invokers$Holder.linkToTargetMethod(java.lang.Object, float, float, java.lang.Object)'> (0x00000007737f1008) 
thrown [s\src\hotspot\share\interpreter\linkResolver.cpp, line 759]
Event: 14.088 Thread 0x000002292f8bb9d0 Implicit null exception at 0x00000228b786dcf6 to 0x00000228b787256c
Event: 14.329 Thread 0x00000228a62eacb0 Exception <a 'java/lang/NoSuchMethodError'{0x000000076f734118}: 'java.lang.Object java.lang.invoke.DirectMethodHandle$Holder.invokeSpecial(java.lang.Object, java.lang.Object, int, float)'> (0x000000076f734118) 
thrown [s\src\hotspot\share\interpreter\linkResolver.cpp, line 759]
Event: 14.551 Thread 0x000002292f8bce10 Exception <a 'java/lang/NoSuchMethodError'{0x000000076efc2758}: 'java.lang.Object java.lang.invoke.DirectMethodHandle$Holder.invokeStatic(java.lang.Object, java.lang.Object, java.lang.Object, int, int)'> (0x000000076efc2758) 
thrown [s\src\hotspot\share\interpreter\linkResolver.cpp, line 759]
Event: 15.003 Thread 0x00000228a62eacb0 Exception <a 'java/lang/NoSuchMethodError'{0x000000076f5516b0}: 'void java.lang.invoke.DirectMethodHandle$Holder.invokeSpecial(java.lang.Object, java.lang.Object, java.lang.Object, java.lang.Object, int, int)'> (0x000000076f5516b0) 
thrown [s\src\hotspot\share\interpreter\linkResolver.cpp, line 759]
Event: 16.898 Thread 0x000002292f8bce10 Exception <a 'sun/nio/fs/WindowsException'{0x0000000776a6ea58}> (0x0000000776a6ea58) 
thrown [s\src\hotspot\share\prims\jni.cpp, line 516]
Event: 16.899 Thread 0x000002292f8bce10 Exception <a 'sun/nio/fs/WindowsException'{0x0000000776a71230}> (0x0000000776a71230) 
thrown [s\src\hotspot\share\prims\jni.cpp, line 516]
Event: 16.907 Thread 0x00000228a62eacb0 Implicit null exception at 0x00000228b78939d3 to 0x00000228b7894287
Event: 17.304 Thread 0x000002292f8bce10 Implicit null exception at 0x00000228b74427fc to 0x00000228b7442de0
Event: 42.345 Thread 0x00000228a62eacb0 Exception <a 'java/lang/NoSuchMethodError'{0x0000000768997700}: 'java.lang.Object java.lang.invoke.DirectMethodHandle$Holder.newInvokeSpecial(java.lang.Object, int, int, java.lang.Object, java.lang.Object)'> (0x0000000768997700) 
thrown [s\src\hotspot\share\interpreter\linkResolver.cpp, line 759]
Event: 43.278 Thread 0x00000228a62eacb0 Exception <a 'java/lang/NoSuchMethodError'{0x0000000771c7a098}: 'java.lang.Object java.lang.invoke.DirectMethodHandle$Holder.newInvokeSpecial(java.lang.Object, java.lang.Object, int, float)'> (0x0000000771c7a098) 
thrown [s\src\hotspot\share\interpreter\linkResolver.cpp, line 759]

VM Operations (20 events):
Event: 46.494 Executing VM operation: G1CollectForAllocation
Event: 46.497 Executing VM operation: G1CollectForAllocation done
Event: 47.497 Executing VM operation: Cleanup
Event: 47.497 Executing VM operation: Cleanup done
Event: 47.548 Executing VM operation: G1CollectForAllocation
Event: 47.551 Executing VM operation: G1CollectForAllocation done
Event: 48.562 Executing VM operation: Cleanup
Event: 48.563 Executing VM operation: Cleanup done
Event: 49.563 Executing VM operation: Cleanup
Event: 49.563 Executing VM operation: Cleanup done
Event: 50.130 Executing VM operation: G1CollectForAllocation
Event: 50.133 Executing VM operation: G1CollectForAllocation done
Event: 52.134 Executing VM operation: Cleanup
Event: 52.134 Executing VM operation: Cleanup done
Event: 52.673 Executing VM operation: G1CollectForAllocation
Event: 52.676 Executing VM operation: G1CollectForAllocation done
Event: 53.676 Executing VM operation: Cleanup
Event: 53.676 Executing VM operation: Cleanup done
Event: 54.619 Executing VM operation: HandshakeAllThreads
Event: 54.619 Executing VM operation: HandshakeAllThreads done

Events (20 events):
Event: 54.490 Thread 0x000002292f8b9150 Thread exited: 0x000002292f8b9150
Event: 54.490 Thread 0x00000229909370a0 Thread exited: 0x00000229909370a0
Event: 54.490 Thread 0x0000022990936b90 Thread exited: 0x0000022990936b90
Event: 54.490 Thread 0x00000229909389f0 Thread exited: 0x00000229909389f0
Event: 54.490 Thread 0x0000022990931fa0 Thread exited: 0x0000022990931fa0
Event: 54.490 Thread 0x00000229909333e0 Thread exited: 0x00000229909333e0
Event: 54.490 Thread 0x0000022990934820 Thread exited: 0x0000022990934820
Event: 54.490 Thread 0x0000022990936170 Thread exited: 0x0000022990936170
Event: 54.490 Thread 0x0000022990932ed0 Thread exited: 0x0000022990932ed0
Event: 54.570 Thread 0x000002292f8bf180 Thread exited: 0x000002292f8bf180
Event: 54.622 Thread 0x00000228c96f2e50 flushing nmethod 0x00000228af82bd10
Event: 54.623 Thread 0x00000228c96f2e50 flushing nmethod 0x00000228afae4710
Event: 54.624 Thread 0x00000228c96f2e50 flushing nmethod 0x00000228afdcb290
Event: 54.624 Thread 0x00000228c96f2e50 flushing nmethod 0x00000228afed7390
Event: 54.625 Thread 0x00000228c96f2e50 flushing nmethod 0x00000228b00d4b90
Event: 54.626 Thread 0x00000228c96f2e50 flushing nmethod 0x00000228b0281e90
Event: 54.626 Thread 0x00000228c96f2e50 flushing nmethod 0x00000228b031c290
Event: 54.627 Thread 0x00000228c96f2e50 flushing nmethod 0x00000228b0614210
Event: 55.140 Thread 0x00000228a62eacb0 Thread exited: 0x00000228a62eacb0
Event: 55.140 Thread 0x0000022990937ac0 Thread added: 0x0000022990937ac0


Dynamic libraries:
0x00007ff76bc90000 - 0x00007ff76bc9e000 	C:\Users\Project\.jdks\temurin-17.0.8.1\bin\java.exe
0x00007ff9a6690000 - 0x00007ff9a6887000 	C:\WINDOWS\SYSTEM32\ntdll.dll
0x00007ff9a5200000 - 0x00007ff9a52bd000 	C:\WINDOWS\System32\KERNEL32.DLL
0x00007ff9a4350000 - 0x00007ff9a4646000 	C:\WINDOWS\System32\KERNELBASE.dll
0x00007ff9a41a0000 - 0x00007ff9a42a0000 	C:\WINDOWS\System32\ucrtbase.dll
0x00007ff972f10000 - 0x00007ff972f27000 	C:\Users\Project\.jdks\temurin-17.0.8.1\bin\jli.dll
0x00007ff972ff0000 - 0x00007ff973009000 	C:\Users\Project\.jdks\temurin-17.0.8.1\bin\VCRUNTIME140.dll
0x00007ff9a5f70000 - 0x00007ff9a610e000 	C:\WINDOWS\System32\USER32.dll
0x00007ff9a3f70000 - 0x00007ff9a3f92000 	C:\WINDOWS\System32\win32u.dll
0x00007ff98ae70000 - 0x00007ff98b10a000 	C:\WINDOWS\WinSxS\amd64_microsoft.windows.common-controls_6595b64144ccf1df_6.0.19041.3570_none_60bb2a3971f3e41a\COMCTL32.dll
0x00007ff9a5f10000 - 0x00007ff9a5f3c000 	C:\WINDOWS\System32\GDI32.dll
0x00007ff9a61b0000 - 0x00007ff9a624e000 	C:\WINDOWS\System32\msvcrt.dll
0x00007ff9a4030000 - 0x00007ff9a414a000 	C:\WINDOWS\System32\gdi32full.dll
0x00007ff9a4650000 - 0x00007ff9a46ed000 	C:\WINDOWS\System32\msvcp_win.dll
0x00007ff9a5f40000 - 0x00007ff9a5f70000 	C:\WINDOWS\System32\IMM32.DLL
0x00007ff98ce50000 - 0x00007ff98ce5c000 	C:\Users\Project\.jdks\temurin-17.0.8.1\bin\vcruntime140_1.dll
0x00007ff958f00000 - 0x00007ff958f91000 	C:\Users\Project\.jdks\temurin-17.0.8.1\bin\msvcp140.dll
0x00007ff927350000 - 0x00007ff927f9c000 	C:\Users\Project\.jdks\temurin-17.0.8.1\bin\server\jvm.dll
0x00007ff9a46f0000 - 0x00007ff9a479e000 	C:\WINDOWS\System32\ADVAPI32.dll
0x00007ff9a6110000 - 0x00007ff9a61ac000 	C:\WINDOWS\System32\sechost.dll
0x00007ff9a64c0000 - 0x00007ff9a65e6000 	C:\WINDOWS\System32\RPCRT4.dll
0x00007ff99f220000 - 0x00007ff99f229000 	C:\WINDOWS\SYSTEM32\WSOCK32.dll
0x00007ff9a3320000 - 0x00007ff9a336b000 	C:\WINDOWS\SYSTEM32\POWRPROF.dll
0x00007ff98d840000 - 0x00007ff98d867000 	C:\WINDOWS\SYSTEM32\WINMM.dll
0x00007ff9a59c0000 - 0x00007ff9a5a2b000 	C:\WINDOWS\System32\WS2_32.dll
0x00007ff99be80000 - 0x00007ff99be8a000 	C:\WINDOWS\SYSTEM32\VERSION.dll
0x00007ff9a3190000 - 0x00007ff9a31a2000 	C:\WINDOWS\SYSTEM32\UMPDC.dll
0x00007ff9a1c30000 - 0x00007ff9a1c42000 	C:\WINDOWS\SYSTEM32\kernel.appcore.dll
0x00007ff98cd20000 - 0x00007ff98cd2a000 	C:\Users\Project\.jdks\temurin-17.0.8.1\bin\jimage.dll
0x00007ff99afb0000 - 0x00007ff99b194000 	C:\WINDOWS\SYSTEM32\DBGHELP.DLL
0x00007ff99aeb0000 - 0x00007ff99aee4000 	C:\WINDOWS\SYSTEM32\dbgcore.DLL
0x00007ff9a3fa0000 - 0x00007ff9a4022000 	C:\WINDOWS\System32\bcryptPrimitives.dll
0x00007ff961140000 - 0x00007ff961165000 	C:\Users\Project\.jdks\temurin-17.0.8.1\bin\java.dll
0x00007ff9544c0000 - 0x00007ff954596000 	C:\Users\Project\.jdks\temurin-17.0.8.1\bin\jsvml.dll
0x00007ff9a48e0000 - 0x00007ff9a5024000 	C:\WINDOWS\System32\SHELL32.dll
0x00007ff9a1e30000 - 0x00007ff9a25cb000 	C:\WINDOWS\SYSTEM32\windows.storage.dll
0x00007ff9a5a30000 - 0x00007ff9a5d84000 	C:\WINDOWS\System32\combase.dll
0x00007ff9a37b0000 - 0x00007ff9a37dd000 	C:\WINDOWS\SYSTEM32\Wldp.dll
0x00007ff9a6410000 - 0x00007ff9a64bd000 	C:\WINDOWS\System32\SHCORE.dll
0x00007ff9a5da0000 - 0x00007ff9a5df5000 	C:\WINDOWS\System32\shlwapi.dll
0x00007ff9a3ca0000 - 0x00007ff9a3cc5000 	C:\WINDOWS\SYSTEM32\profapi.dll
0x00007ff96e0d0000 - 0x00007ff96e0e9000 	C:\Users\Project\.jdks\temurin-17.0.8.1\bin\net.dll
0x00007ff99b940000 - 0x00007ff99ba4a000 	C:\WINDOWS\SYSTEM32\WINHTTP.dll
0x00007ff9a3510000 - 0x00007ff9a357a000 	C:\WINDOWS\system32\mswsock.dll
0x00007ff96ba90000 - 0x00007ff96baa5000 	C:\Users\Project\.jdks\temurin-17.0.8.1\bin\nio.dll
0x00007ff966f20000 - 0x00007ff966f38000 	C:\Users\Project\.jdks\temurin-17.0.8.1\bin\zip.dll
0x00007ff98ba20000 - 0x00007ff98ba30000 	C:\Users\Project\.jdks\temurin-17.0.8.1\bin\verify.dll
0x00007ff9a3710000 - 0x00007ff9a3728000 	C:\WINDOWS\SYSTEM32\CRYPTSP.dll
0x00007ff9a2db0000 - 0x00007ff9a2de4000 	C:\WINDOWS\system32\rsaenh.dll
0x00007ff9a3d70000 - 0x00007ff9a3d97000 	C:\WINDOWS\System32\bcrypt.dll
0x00007ff9a3c20000 - 0x00007ff9a3c4e000 	C:\WINDOWS\SYSTEM32\USERENV.dll
0x00007ff9a3700000 - 0x00007ff9a370c000 	C:\WINDOWS\SYSTEM32\CRYPTBASE.dll
0x00007ff9a31b0000 - 0x00007ff9a31eb000 	C:\WINDOWS\SYSTEM32\IPHLPAPI.DLL
0x00007ff9a5d90000 - 0x00007ff9a5d98000 	C:\WINDOWS\System32\NSI.dll
0x00007ff99d700000 - 0x00007ff99d717000 	C:\WINDOWS\SYSTEM32\dhcpcsvc6.DLL
0x00007ff99d6e0000 - 0x00007ff99d6fd000 	C:\WINDOWS\SYSTEM32\dhcpcsvc.DLL
0x00007ff9a3200000 - 0x00007ff9a32ca000 	C:\WINDOWS\SYSTEM32\DNSAPI.dll
0x00007ff960b40000 - 0x00007ff960b85000 	E:\Games\Steam\steamapps\common\Necesse\natives\jna15746960704754516100.dll
0x00007ff9a6250000 - 0x00007ff9a6258000 	C:\WINDOWS\System32\PSAPI.DLL
0x00007ff9a50d0000 - 0x00007ff9a51fb000 	C:\WINDOWS\System32\Ole32.dll
0x00007ff9a5e60000 - 0x00007ff9a5f09000 	C:\WINDOWS\System32\clbcatq.dll
0x00007ff9a58f0000 - 0x00007ff9a59bd000 	C:\WINDOWS\System32\OleAut32.dll
0x00007ff99aaa0000 - 0x00007ff99aabf000 	C:\WINDOWS\SYSTEM32\amsi.dll
0x00007ff9983a0000 - 0x00007ff99841c000 	C:\ProgramData\Microsoft\Windows Defender\Platform\4.18.23090.2008-0\MpOav.dll
0x00007ff99a380000 - 0x00007ff99a389000 	C:\Users\Project\.jdks\temurin-17.0.8.1\bin\management.dll
0x00007ff999ee0000 - 0x00007ff999eeb000 	C:\Users\Project\.jdks\temurin-17.0.8.1\bin\management_ext.dll
0x00007ff960ac0000 - 0x00007ff960b35000 	E:\Games\Steam\steamapps\common\Necesse\natives\lwjgl.dll
0x00007ff960a70000 - 0x00007ff960abc000 	E:\Games\Steam\steamapps\common\Necesse\natives\steam_api64.dll
0x00007ff960a20000 - 0x00007ff960a70000 	E:\Games\Steam\steamapps\common\Necesse\natives\steamworks4j64.dll
0x00007ff9a3da0000 - 0x00007ff9a3efd000 	C:\WINDOWS\System32\CRYPT32.dll
0x00007ff9a50b0000 - 0x00007ff9a50cd000 	C:\WINDOWS\System32\imagehlp.dll
0x00007ff9a5480000 - 0x00007ff9a58ee000 	C:\WINDOWS\System32\SETUPAPI.dll
0x00007ff9a4150000 - 0x00007ff9a419e000 	C:\WINDOWS\System32\cfgmgr32.dll
0x00007ff9602f0000 - 0x00007ff96047a000 	C:\Program Files (x86)\Steam\gameoverlayrenderer64.dll
0x00007ff9609b0000 - 0x00007ff960a11000 	E:\Games\Steam\steamapps\common\Necesse\natives\glfw.dll
0x00007ff9602a0000 - 0x00007ff9602e5000 	C:\WINDOWS\SYSTEM32\dinput8.dll
0x00007ff996710000 - 0x00007ff996862000 	C:\WINDOWS\SYSTEM32\inputhost.dll
0x00007ff99ff60000 - 0x00007ff9a0052000 	C:\WINDOWS\SYSTEM32\CoreMessaging.dll
0x00007ff9a0680000 - 0x00007ff9a07d5000 	C:\WINDOWS\SYSTEM32\wintypes.dll
0x00007ff9a1040000 - 0x00007ff9a1136000 	C:\WINDOWS\SYSTEM32\PROPSYS.dll
0x00007ff99e410000 - 0x00007ff99e76b000 	C:\WINDOWS\SYSTEM32\CoreUIComponents.dll
0x00007ff9a2ed0000 - 0x00007ff9a2f03000 	C:\WINDOWS\SYSTEM32\ntmarta.dll
0x00007ff99a9b0000 - 0x00007ff99a9c1000 	C:\WINDOWS\SYSTEM32\xinput1_4.dll
0x00007ff9a3b00000 - 0x00007ff9a3b33000 	C:\WINDOWS\SYSTEM32\DEVOBJ.dll
0x00007ff9a1a50000 - 0x00007ff9a1a7f000 	C:\WINDOWS\SYSTEM32\dwmapi.dll
0x00007ff9a1760000 - 0x00007ff9a17fe000 	C:\WINDOWS\system32\uxtheme.dll
0x00007ff9a5360000 - 0x00007ff9a5474000 	C:\WINDOWS\System32\MSCTF.dll
0x00007ff960110000 - 0x00007ff96029e000 	C:\Users\Project\.jdks\temurin-17.0.8.1\bin\awt.dll
0x00007ff99ea10000 - 0x00007ff99eaa0000 	C:\WINDOWS\SYSTEM32\apphelp.dll
0x00007ff954680000 - 0x00007ff9547a5000 	C:\WINDOWS\SYSTEM32\opengl32.dll
0x00007ff97aff0000 - 0x00007ff97b01c000 	C:\WINDOWS\SYSTEM32\GLU32.dll
0x00007ff911770000 - 0x00007ff915a02000 	C:\WINDOWS\System32\DriverStore\FileRepository\nv_dispi.inf_amd64_d3828c822366e497\nvoglv64.dll
0x00007ff99df30000 - 0x00007ff99df44000 	C:\WINDOWS\SYSTEM32\WTSAPI32.dll
0x00007ff9a3940000 - 0x00007ff9a3952000 	C:\WINDOWS\SYSTEM32\msasn1.dll
0x00007ff99bdb0000 - 0x00007ff99bde1000 	C:\WINDOWS\SYSTEM32\cryptnet.dll
0x00007ff99bbf0000 - 0x00007ff99bd38000 	C:\WINDOWS\SYSTEM32\drvstore.dll
0x0000022915fc0000 - 0x0000022916027000 	C:\WINDOWS\System32\WINTRUST.dll
0x00007ff99e320000 - 0x00007ff99e35b000 	C:\WINDOWS\SYSTEM32\dxcore.dll
0x00007ff9286d0000 - 0x00007ff9289a1000 	C:\WINDOWS\system32\nvspcap64.dll
0x00007ff9a2a40000 - 0x00007ff9a2a9b000 	C:\WINDOWS\SYSTEM32\WINSTA.dll
0x00007ff9a2610000 - 0x00007ff9a2703000 	C:\WINDOWS\SYSTEM32\dxgi.dll
0x00007ff99f710000 - 0x00007ff99f973000 	C:\WINDOWS\SYSTEM32\d3d11.dll
0x00007ff993b80000 - 0x00007ff993c3c000 	C:\WINDOWS\System32\DriverStore\FileRepository\nv_dispi.inf_amd64_d3828c822366e497\nvldumdx.dll
0x00007ff98d870000 - 0x00007ff99374e000 	C:\WINDOWS\System32\DriverStore\FileRepository\nv_dispi.inf_amd64_d3828c822366e497\nvwgf2umx.dll
0x00007ff966f40000 - 0x00007ff967677000 	C:\WINDOWS\System32\DriverStore\FileRepository\nv_dispi.inf_amd64_d3828c822366e497\Display.NvContainer\MessageBus.dll
0x00007ff998aa0000 - 0x00007ff99923f000 	C:\WINDOWS\SYSTEM32\nvapi64.dll
0x00007ff99aaf0000 - 0x00007ff99ab75000 	C:\WINDOWS\System32\MMDevApi.dll
0x00007ff974ad0000 - 0x00007ff974c52000 	C:\WINDOWS\SYSTEM32\AUDIOSES.DLL
0x00007ff9600b0000 - 0x00007ff96010d000 	E:\Games\Steam\steamapps\common\Necesse\natives\lwjgl_opengl.dll
0x00007ff996870000 - 0x00007ff99696a000 	C:\WINDOWS\SYSTEM32\textinputframework.dll
0x00007ff960020000 - 0x00007ff9600a1000 	E:\Games\Steam\steamapps\common\Necesse\natives\lwjgl_stb.dll
0x00007ff9965a0000 - 0x00007ff99664e000 	C:\WINDOWS\SYSTEM32\mscms.dll
0x00007ff996530000 - 0x00007ff996541000 	C:\WINDOWS\SYSTEM32\ColorAdapterClient.dll
0x00007ff99ead0000 - 0x00007ff99eb13000 	C:\WINDOWS\SYSTEM32\icm32.dll
0x00007ff95fe80000 - 0x00007ff960017000 	E:\Games\Steam\steamapps\common\Necesse\natives\OpenAL.dll
0x00007ff9a1840000 - 0x00007ff9a1854000 	C:\WINDOWS\SYSTEM32\resourcepolicyclient.dll
0x00007ff996f70000 - 0x00007ff996f7e000 	C:\Users\Project\.jdks\temurin-17.0.8.1\bin\instrument.dll

dbghelp: loaded successfully - version: 4.0.5 - missing functions: none
symbol engine: initialized successfully - sym options: 0x614 - pdb path: .;C:\Users\Project\.jdks\temurin-17.0.8.1\bin;C:\WINDOWS\SYSTEM32;C:\WINDOWS\WinSxS\amd64_microsoft.windows.common-controls_6595b64144ccf1df_6.0.19041.3570_none_60bb2a3971f3e41a;C:\Users\Project\.jdks\temurin-17.0.8.1\bin\server;E:\Games\Steam\steamapps\common\Necesse\natives;C:\ProgramData\Microsoft\Windows Defender\Platform\4.18.23090.2008-0;C:\Program Files (x86)\Steam;C:\WINDOWS\System32\DriverStore\FileRepository\nv_dispi.inf_amd64_d3828c822366e497;C:\WINDOWS\System32\DriverStore\FileRepository\nv_dispi.inf_amd64_d3828c822366e497\Display.NvContainer

VM Arguments:
jvm_args: -XX:+UnlockExperimentalVMOptions -XX:+UseG1GC -XX:G1NewSizePercent=20 -XX:G1ReservePercent=20 -XX:MaxGCPauseMillis=50 -XX:G1HeapRegionSize=32M -Xms512m -Xmx3G -Dfile.encoding=windows-1252 -Duser.country=US -Duser.language=en -Duser.variant 
java_command: StartClient -mod build/jar/
java_class_path (initial): E:\Games\Steam\steamapps\common\Necesse\Necesse.jar
Launcher Type: SUN_STANDARD

[Global flags]
     intx CICompilerCount                          = 12                                        {product} {ergonomic}
     uint ConcGCThreads                            = 3                                         {product} {ergonomic}
     uint G1ConcRefinementThreads                  = 13                                        {product} {ergonomic}
     uint G1EagerReclaimRemSetThreshold            = 256                                  {experimental} {ergonomic}
   size_t G1HeapRegionSize                         = 33554432                                  {product} {command line}
    uintx G1NewSizePercent                         = 20                                   {experimental} {command line}
    uintx G1ReservePercent                         = 20                                        {product} {command line}
    uintx GCDrainStackTargetSize                   = 64                                        {product} {ergonomic}
   size_t InitialHeapSize                          = 536870912                                 {product} {command line}
   size_t MarkStackSize                            = 4194304                                   {product} {ergonomic}
    uintx MaxGCPauseMillis                         = 50                                        {product} {command line}
   size_t MaxHeapSize                              = 3221225472                                {product} {command line}
   size_t MaxNewSize                               = 1912602624                                {product} {ergonomic}
   size_t MinHeapDeltaBytes                        = 33554432                                  {product} {ergonomic}
   size_t MinHeapSize                              = 536870912                                 {product} {command line}
    uintx NonNMethodCodeHeapSize                   = 7602480                                {pd product} {ergonomic}
    uintx NonProfiledCodeHeapSize                  = 122027880                              {pd product} {ergonomic}
    uintx ProfiledCodeHeapSize                     = 122027880                              {pd product} {ergonomic}
    uintx ReservedCodeCacheSize                    = 251658240                              {pd product} {ergonomic}
     bool SegmentedCodeCache                       = true                                      {product} {ergonomic}
   size_t SoftMaxHeapSize                          = 3221225472                             {manageable} {ergonomic}
     bool UnlockExperimentalVMOptions              = true                                 {experimental} {command line}
     bool UseCompressedClassPointers               = true                           {product lp64_product} {ergonomic}
     bool UseCompressedOops                        = true                           {product lp64_product} {ergonomic}
     bool UseG1GC                                  = true                                      {product} {command line}
     bool UseLargePagesIndividualAllocation        = false                                  {pd product} {ergonomic}

Logging:
Log output configuration:
 #0: stdout all=warning uptime,level,tags
 #1: stderr all=off uptime,level,tags

Environment Variables:
JAVA_HOME=C:\Program Files\Java\jdk-18.0.2
PATH=C:\Python39\Scripts\;C:\Python39\;c:\devkitPro\msys2\usr\bin;C:\Program Files\Common Files\Oracle\Java\javapath;C:\Program Files\PlasticSCM5\server;C:\Program Files\PlasticSCM5\client;C:\Program Files (x86)\Common Files\Oracle\Java\javapath;C:\Program Files (x86)\Common Files\Intel\Shared Libraries\redist\intel64_win\compiler;C:\Users\Project\AppData\Local\Programs\Python\Python310;C:\Windows\system32;C:\Windows;C:\Windows\System32\Wbem;C:\Windows\System32\WindowsPowerShell\v1.0\;C:\Windows\System32\OpenSSH\;C:\Program Files\NVIDIA Corporation\NVIDIA NvDLISR;C:\Program Files (x86)\NVIDIA Corporation\PhysX\Common;C:\ProgramData\chocolatey\bin;C:\Program Files (x86)\Calibre2\;C:\WINDOWS\system32;C:\WINDOWS;C:\WINDOWS\System32\Wbem;C:\WINDOWS\System32\WindowsPowerShell\v1.0\;C:\WINDOWS\System32\OpenSSH\;C:\Program Files\nodejs\;C:\Program Files\Microsoft SQL Server\150\Tools\Binn\;C:\Program Files\Microsoft SQL Server\Client SDK\ODBC\170\Tools\Binn\;C:\Program Files\Git\cmd;C:\Program Files\GitHub CLI\;C:\Program Files\Java\jdk-18.0.2\bin;C:\Program Files\dotnet\;C:\Users\Project\AppData\Local\Programs\Python\Python311\Scripts\;C:\Users\Project\AppData\Local\Programs\Python\Python311\;C:\Users\Project\AppData\Local\Microsoft\WindowsApps;C:\Users\Project\AppData\Local\Programs\Microsoft VS Code\bin;C:\Users\Project\.dotnet\tools;C:\Users\Project\AppData\Roaming\Python\Python39\Scripts;C:\Users\Project\AppData\Roaming\npm;C:\Users\Project\go\bin;C:\Users\Project\.dotnet\tools;C:\Users\Project\AppData\Local\GitHubDesktop\bin;;C:\Program Files\JetBrains\IntelliJ IDEA Community Edition 2023.2.3\bin;
USERNAME=Project
OS=Windows_NT
PROCESSOR_IDENTIFIER=AMD64 Family 25 Model 33 Stepping 2, AuthenticAMD
TMP=C:\Users\Project\AppData\Local\Temp
TEMP=C:\Users\Project\AppData\Local\Temp



---------------  S Y S T E M  ---------------

OS:
 Windows 10 , 64 bit Build 19041 (10.0.19041.3570)
OS uptime: 10 days 12:14 hours

CPU: total 16 (initial active 16) (16 cores per cpu, 2 threads per core) family 25 model 33 stepping 2 microcode 0x0, cx8, cmov, fxsr, ht, mmx, 3dnowpref, sse, sse2, sse3, ssse3, sse4a, sse4.1, sse4.2, popcnt, lzcnt, tsc, tscinvbit, avx, avx2, aes, erms, clmul, bmi1, bmi2, adx, sha, fma, vzeroupper, clflush, clflushopt
Processor Information for all 16 processors :
  Max Mhz: 3401, Current Mhz: 3401, Mhz Limit: 3401

Memory: 4k page, system-wide physical 16309M (3581M free)
TotalPageFile size 32181M (AvailPageFile size 5857M)
current process WorkingSet (physical memory assigned to process): 1904M, peak: 3497M
current process commit charge ("private bytes"): 2319M, peak: 4428M

vm_info: OpenJDK 64-Bit Server VM (17.0.8.1+1) for windows-amd64 JRE (17.0.8.1+1), built on Aug 23 2023 15:29:17 by "admin" with MS VC++ 16.7 (VS2019)

END.
